<?xml version="1.0" encoding="UTF-8"?>
<!-- Generated by org.testng.reporters.JUnitReportReporter -->
<testsuite hostname="nlgb" failures="0" tests="10" name="com.example.CalculatorTestNG" time="0.023" errors="0" timestamp="2025-04-09T00:01:11 ICT" skipped="0">
  <testcase classname="com.example.CalculatorTestNG" name="testIsPositiveInteger_False" time="0.001"/>
  <testcase classname="com.example.CalculatorTestNG" name="testParseNumber_Valid" time="0.001"/>
  <testcase classname="com.example.CalculatorTestNG" name="testParseNumber_InvalidFormat" time="0.001"/>
  <testcase classname="com.example.CalculatorTestNG" name="testIsPositiveInteger_True" time="0.002"/>
  <testcase classname="com.example.CalculatorTestNG" name="testDivide" time="0.001"/>
  <testcase classname="com.example.CalculatorTestNG" name="testMultiply" time="0.002"/>
  <testcase classname="com.example.CalculatorTestNG" name="testDivideByZero" time="0.001"/>
  <testcase classname="com.example.CalculatorTestNG" name="testAdd" time="0.011"/>
  <testcase classname="com.example.CalculatorTestNG" name="testSubtract" time="0.001"/>
  <testcase classname="com.example.CalculatorTestNG" name="testParseNumber_NullInput" time="0.002"/>
</testsuite> <!-- com.example.CalculatorTestNG -->
